#
# There is insufficient memory for the Java Runtime Environment to continue.
# Native memory allocation (malloc) failed to allocate 1048576 bytes for AllocateHeap
# Possible reasons:
#   The system is out of physical RAM or swap space
#   In 32 bit mode, the process size limit was hit
# Possible solutions:
#   Reduce memory load on the system
#   Increase physical memory or swap space
#   Check if swap backing store is full
#   Use 64 bit Java on a 64 bit OS
#   Decrease Java heap size (-Xmx/-Xms)
#   Decrease number of Java threads
#   Decrease Java thread stack sizes (-Xss)
#   Set larger code cache with -XX:ReservedCodeCacheSize=
# This output file may be truncated or incomplete.
#
#  Out of Memory Error (memory/allocation.inline.hpp:61), pid=18396, tid=0x0000000000004428
#
# JRE version:  (8.0_191-b12) (build )
# Java VM: Java HotSpot(TM) 64-Bit Server VM (25.191-b12 mixed mode windows-amd64 compressed oops)
# Failed to write core dump. Minidumps are not enabled by default on client versions of Windows
#

---------------  T H R E A D  ---------------

Current thread (0x00000000032a3000):  JavaThread "Unknown thread" [_thread_in_vm, id=17448, stack(0x0000000002f60000,0x0000000003060000)]

Stack: [0x0000000002f60000,0x0000000003060000]
[error occurred during error reporting (printing stack bounds), id 0xc0000005]

Native frames: (J=compiled Java code, j=interpreted, Vv=VM code, C=native code)


---------------  P R O C E S S  ---------------

Java Threads: ( => current thread )

Other Threads:

=>0x00000000032a3000 (exited) JavaThread "Unknown thread" [_thread_in_vm, id=17448, stack(0x0000000002f60000,0x0000000003060000)]

VM state:not at safepoint (normal execution)

VM Mutex/Monitor currently owned by a thread: None

Heap:
 PSYoungGen      total 18432K, used 317K [0x00000000eb580000, 0x00000000eca00000, 0x0000000100000000)
  eden space 15872K, 2% used [0x00000000eb580000,0x00000000eb5cf5d0,0x00000000ec500000)
  from space 2560K, 0% used [0x00000000ec780000,0x00000000ec780000,0x00000000eca00000)
  to   space 2560K, 0% used [0x00000000ec500000,0x00000000ec500000,0x00000000ec780000)
 ParOldGen       total 42496K, used 0K [0x00000000c2000000, 0x00000000c4980000, 0x00000000eb580000)
  object space 42496K, 0% used [0x00000000c2000000,0x00000000c2000000,0x00000000c4980000)
 Metaspace       used 762K, capacity 4480K, committed 4480K, reserved 1056768K
  class space    used 76K, capacity 384K, committed 384K, reserved 1048576K

Card table byte_map: [0x0000000012760000,0x0000000012960000] byte_map_base: 0x0000000012150000

Marking Bits: (ParMarkBitMap*) 0x0000000056a93e30
 Begin Bits: [0x00000000132b0000, 0x0000000014230000)
 End Bits:   [0x0000000014230000, 0x00000000151b0000)

Polling page: 0x00000000016f0000

CodeCache: size=245760Kb used=328Kb max_used=328Kb free=245431Kb
 bounds [0x00000000033a0000, 0x0000000003610000, 0x00000000123a0000]
 total_blobs=58 nmethods=0 adapters=38
 compilation: enabled

Compilation events (0 events):
No events

GC Heap History (0 events):
No events

Deoptimization events (0 events):
No events

Classes redefined (0 events):
No events

Internal exceptions (0 events):
No events

Events (10 events):
Event: 0.021 loading class java/lang/Short
Event: 0.021 loading class java/lang/Short done
Event: 0.021 loading class java/lang/Integer
Event: 0.021 loading class java/lang/Integer done
Event: 0.021 loading class java/lang/Long
Event: 0.021 loading class java/lang/Long done
Event: 0.022 loading class java/lang/NullPointerException
Event: 0.022 loading class java/lang/NullPointerException done
Event: 0.022 loading class java/lang/ArithmeticException
Event: 0.022 loading class java/lang/ArithmeticException done


Dynamic libraries:
0x00007ff677520000 - 0x00007ff677557000 	C:\Program Files\Java\jre1.8.0_191\bin\javaw.exe
0x00007ffdcba20000 - 0x00007ffdcbbfb000 	C:\Windows\SYSTEM32\ntdll.dll
0x00007ffdcaf70000 - 0x00007ffdcb01e000 	C:\Windows\System32\KERNEL32.DLL
0x00007ffdc8c80000 - 0x00007ffdc8ec9000 	C:\Windows\System32\KERNELBASE.dll
0x00007ffdcb7b0000 - 0x00007ffdcb851000 	C:\Windows\System32\ADVAPI32.dll
0x00007ffdcb980000 - 0x00007ffdcba1d000 	C:\Windows\System32\msvcrt.dll
0x00007ffdcacf0000 - 0x00007ffdcad49000 	C:\Windows\System32\sechost.dll
0x00007ffdcad80000 - 0x00007ffdcaea5000 	C:\Windows\System32\RPCRT4.dll
0x00007ffdca4a0000 - 0x00007ffdca5ea000 	C:\Windows\System32\USER32.dll
0x00007ffdc7fb0000 - 0x00007ffdc7fce000 	C:\Windows\System32\win32u.dll
0x00007ffdcad50000 - 0x00007ffdcad77000 	C:\Windows\System32\GDI32.dll
0x00007ffdc8950000 - 0x00007ffdc8ad9000 	C:\Windows\System32\gdi32full.dll
0x00007ffdc8ae0000 - 0x00007ffdc8b7a000 	C:\Windows\System32\msvcp_win.dll
0x00007ffdc8b80000 - 0x00007ffdc8c76000 	C:\Windows\System32\ucrtbase.dll
0x00007ffdb76e0000 - 0x00007ffdb7947000 	C:\Windows\WinSxS\amd64_microsoft.windows.common-controls_6595b64144ccf1df_6.0.15063.0_none_108e4f62dfe5d999\COMCTL32.dll
0x00007ffdca980000 - 0x00007ffdcac79000 	C:\Windows\System32\combase.dll
0x00007ffdc7f40000 - 0x00007ffdc7faa000 	C:\Windows\System32\bcryptPrimitives.dll
0x00007ffdca600000 - 0x00007ffdca62d000 	C:\Windows\System32\IMM32.DLL
0x0000000055fc0000 - 0x0000000056092000 	C:\Program Files\Java\jre1.8.0_191\bin\msvcr100.dll
0x0000000056270000 - 0x0000000056b14000 	C:\Program Files\Java\jre1.8.0_191\bin\server\jvm.dll
0x00007ffdca630000 - 0x00007ffdca638000 	C:\Windows\System32\PSAPI.DLL
0x00007ffdbf940000 - 0x00007ffdbf949000 	C:\Windows\SYSTEM32\WSOCK32.dll
0x00007ffdbea70000 - 0x00007ffdbea7a000 	C:\Windows\SYSTEM32\VERSION.dll
0x00007ffdc16c0000 - 0x00007ffdc16e3000 	C:\Windows\SYSTEM32\WINMM.dll
0x00007ffdcac80000 - 0x00007ffdcacec000 	C:\Windows\System32\WS2_32.dll
0x00007ffdc1690000 - 0x00007ffdc16bb000 	C:\Windows\SYSTEM32\winmmbase.dll
0x00007ffdc8f30000 - 0x00007ffdc8f79000 	C:\Windows\System32\cfgmgr32.dll
0x0000000056180000 - 0x000000005618f000 	C:\Program Files\Java\jre1.8.0_191\bin\verify.dll
0x0000000056150000 - 0x0000000056179000 	C:\Program Files\Java\jre1.8.0_191\bin\java.dll
0x0000000055f80000 - 0x0000000055fb5000 	C:\Program Files\Java\jre1.8.0_191\bin\jdwp.dll
0x0000000055f70000 - 0x0000000055f78000 	C:\Program Files\Java\jre1.8.0_191\bin\npt.dll
0x0000000055f40000 - 0x0000000055f63000 	C:\Program Files\Java\jre1.8.0_191\bin\instrument.dll
0x0000000056130000 - 0x0000000056146000 	C:\Program Files\Java\jre1.8.0_191\bin\zip.dll

VM Arguments:
jvm_args: -agentlib:jdwp=transport=dt_socket,suspend=y,address=localhost:51185 -javaagent:C:\Users\Admin\eclipse\jee-photon\eclipse\configuration\org.eclipse.osgi\418\0\.cp\lib\javaagent-shaded.jar -Dfile.encoding=UTF-8 
java_command: BaiTapCuoiKy.Main
java_class_path (initial): C:\Program Files\Java\jre1.8.0_191\lib\resources.jar;C:\Program Files\Java\jre1.8.0_191\lib\rt.jar;C:\Program Files\Java\jre1.8.0_191\lib\jsse.jar;C:\Program Files\Java\jre1.8.0_191\lib\jce.jar;C:\Program Files\Java\jre1.8.0_191\lib\charsets.jar;C:\Program Files\Java\jre1.8.0_191\lib\jfr.jar;C:\Program Files\Java\jre1.8.0_191\lib\ext\access-bridge-64.jar;C:\Program Files\Java\jre1.8.0_191\lib\ext\cldrdata.jar;C:\Program Files\Java\jre1.8.0_191\lib\ext\dnsns.jar;C:\Program Files\Java\jre1.8.0_191\lib\ext\jaccess.jar;C:\Program Files\Java\jre1.8.0_191\lib\ext\jfxrt.jar;C:\Program Files\Java\jre1.8.0_191\lib\ext\localedata.jar;C:\Program Files\Java\jre1.8.0_191\lib\ext\nashorn.jar;C:\Program Files\Java\jre1.8.0_191\lib\ext\sunec.jar;C:\Program Files\Java\jre1.8.0_191\lib\ext\sunjce_provider.jar;C:\Program Files\Java\jre1.8.0_191\lib\ext\sunmscapi.jar;C:\Program Files\Java\jre1.8.0_191\lib\ext\sunpkcs11.jar;C:\Program Files\Java\jre1.8.0_191\lib\ext\zipfs.jar;E:\JAVA\nam2\bin;C:\Users\Admin\Downloads\sqljdbc42.jar;C:\Users\Admin\eclipse\jee-photon\eclipse\configuration\org.eclipse.osgi\418\0\.cp\lib\javaagent-shaded.jar
Launcher Type: SUN_STANDARD

Environment Variables:
PATH=C:/Program Files/Java/jre1.8.0_191/bin/server;C:/Program Files/Java/jre1.8.0_191/bin;C:/Program Files/Java/jre1.8.0_191/lib/amd64;C:\Program Files (x86)\Common Files\Oracle\Java\javapath;C:\Windows\system32;C:\Windows;C:\Windows\System32\Wbem;C:\Windows\System32\WindowsPowerShell\v1.0\;C:\Program Files\Microsoft SQL Server\Client SDK\ODBC\130\Tools\Binn\;C:\Program Files (x86)\Microsoft SQL Server\140\Tools\Binn\;C:\Program Files\Microsoft SQL Server\140\Tools\Binn\;C:\Program Files\Microsoft SQL Server\140\DTS\Binn\;C:\Program Files (x86)\Microsoft SQL Server\Client SDK\ODBC\130\Tools\Binn\;C:\Program Files (x86)\Microsoft SQL Server\140\DTS\Binn\;C:\Program Files (x86)\Microsoft SQL Server\140\Tools\Binn\ManagementStudio\;C:\Users\Admin\AppData\Local\Microsoft\WindowsApps;;C:\Users\Admin\Desktop;
USERNAME=Admin
OS=Windows_NT
PROCESSOR_IDENTIFIER=Intel64 Family 6 Model 142 Stepping 10, GenuineIntel



---------------  S Y S T E M  ---------------

OS: Windows 10.0 , 64 bit Build 15063 (10.0.15063.0)

CPU:total 8 (initial active 8) (4 cores per cpu, 2 threads per core) family 6 model 142 stepping 10, cmov, cx8, fxsr, mmx, sse, sse2, sse3, ssse3, sse4.1, sse4.2, popcnt, avx, avx2, aes, clmul, erms, 3dnowpref, lzcnt, ht, tsc, tscinvbit, bmi1, bmi2, adx

Memory: 4k page, physical 4056128k(229560k free), swap 16639040k(6860k free)

vm_info: Java HotSpot(TM) 64-Bit Server VM (25.191-b12) for windows-amd64 JRE (1.8.0_191-b12), built on Oct  6 2018 09:29:03 by "java_re" with MS VC++ 10.0 (VS2010)

time: Sat Jan 12 17:05:15 2019
elapsed time: 0 seconds (0d 0h 0m 0s)

